{"src\\app\\codeCamp.js":{"path":"src\\app\\codeCamp.js","s":{"1":1,"2":3,"3":1,"4":1,"5":0,"6":0,"7":1,"8":1,"9":0,"10":0,"11":0,"12":0,"13":1,"14":0,"15":0,"16":0,"17":0,"18":1,"19":0},"b":{},"f":{"1":3,"2":0,"3":0,"4":0,"5":0,"6":0,"7":0,"8":0,"9":0},"fnMap":{"1":{"name":"canary","line":2,"loc":{"start":{"line":2,"column":0},"end":{"line":2,"column":18}}},"2":{"name":"(anonymous_2)","line":8,"loc":{"start":{"line":8,"column":35},"end":{"line":8,"column":60}}},"3":{"name":"(anonymous_3)","line":22,"loc":{"start":{"line":22,"column":1},"end":{"line":22,"column":29}}},"4":{"name":"(anonymous_4)","line":28,"loc":{"start":{"line":28,"column":1},"end":{"line":28,"column":29}}},"5":{"name":"(anonymous_5)","line":33,"loc":{"start":{"line":33,"column":20},"end":{"line":33,"column":31}}},"6":{"name":"(anonymous_6)","line":40,"loc":{"start":{"line":40,"column":1},"end":{"line":40,"column":29}}},"7":{"name":"(anonymous_7)","line":42,"loc":{"start":{"line":42,"column":16},"end":{"line":42,"column":27}}},"8":{"name":"(anonymous_8)","line":46,"loc":{"start":{"line":46,"column":16},"end":{"line":46,"column":27}}},"9":{"name":"(anonymous_9)","line":52,"loc":{"start":{"line":52,"column":33},"end":{"line":52,"column":44}}}},"statementMap":{"1":{"start":{"line":2,"column":0},"end":{"line":4,"column":1}},"2":{"start":{"line":3,"column":1},"end":{"line":3,"column":13}},"3":{"start":{"line":6,"column":0},"end":{"line":6,"column":69}},"4":{"start":{"line":8,"column":0},"end":{"line":19,"column":4}},"5":{"start":{"line":10,"column":1},"end":{"line":13,"column":4}},"6":{"start":{"line":15,"column":1},"end":{"line":18,"column":4}},"7":{"start":{"line":21,"column":0},"end":{"line":25,"column":3}},"8":{"start":{"line":27,"column":0},"end":{"line":37,"column":3}},"9":{"start":{"line":30,"column":2},"end":{"line":30,"column":30}},"10":{"start":{"line":31,"column":2},"end":{"line":31,"column":20}},"11":{"start":{"line":33,"column":2},"end":{"line":35,"column":4}},"12":{"start":{"line":34,"column":3},"end":{"line":34,"column":34}},"13":{"start":{"line":39,"column":0},"end":{"line":50,"column":3}},"14":{"start":{"line":42,"column":2},"end":{"line":44,"column":4}},"15":{"start":{"line":43,"column":3},"end":{"line":43,"column":22}},"16":{"start":{"line":46,"column":2},"end":{"line":48,"column":4}},"17":{"start":{"line":47,"column":3},"end":{"line":47,"column":26}},"18":{"start":{"line":52,"column":0},"end":{"line":59,"column":3}},"19":{"start":{"line":53,"column":1},"end":{"line":58,"column":3}}},"branchMap":{}}}