{"src\\app\\ccNavigate.js":{"path":"src\\app\\ccNavigate.js","s":{"1":1,"2":0,"3":0,"4":0,"5":0,"6":0,"7":0,"8":0},"b":{},"f":{"1":0,"2":0,"3":0,"4":0},"fnMap":{"1":{"name":"(anonymous_1)","line":7,"loc":{"start":{"line":7,"column":27},"end":{"line":7,"column":38}}},"2":{"name":"(anonymous_2)","line":17,"loc":{"start":{"line":17,"column":1},"end":{"line":17,"column":29}}},"3":{"name":"(anonymous_3)","line":19,"loc":{"start":{"line":19,"column":16},"end":{"line":19,"column":27}}},"4":{"name":"(anonymous_4)","line":23,"loc":{"start":{"line":23,"column":16},"end":{"line":23,"column":27}}}},"statementMap":{"1":{"start":{"line":5,"column":0},"end":{"line":5,"column":36}},"2":{"start":{"line":7,"column":0},"end":{"line":14,"column":3}},"3":{"start":{"line":8,"column":1},"end":{"line":13,"column":3}},"4":{"start":{"line":16,"column":0},"end":{"line":27,"column":3}},"5":{"start":{"line":19,"column":2},"end":{"line":21,"column":4}},"6":{"start":{"line":20,"column":3},"end":{"line":20,"column":22}},"7":{"start":{"line":23,"column":2},"end":{"line":25,"column":4}},"8":{"start":{"line":24,"column":3},"end":{"line":24,"column":26}}},"branchMap":{}},"src\\app\\codeCamp.js":{"path":"src\\app\\codeCamp.js","s":{"1":1,"2":3,"3":1,"4":1,"5":0,"6":0},"b":{},"f":{"1":3,"2":0},"fnMap":{"1":{"name":"canary","line":2,"loc":{"start":{"line":2,"column":0},"end":{"line":2,"column":18}}},"2":{"name":"(anonymous_2)","line":8,"loc":{"start":{"line":8,"column":29},"end":{"line":8,"column":54}}}},"statementMap":{"1":{"start":{"line":2,"column":0},"end":{"line":4,"column":1}},"2":{"start":{"line":3,"column":1},"end":{"line":3,"column":13}},"3":{"start":{"line":6,"column":0},"end":{"line":6,"column":63}},"4":{"start":{"line":8,"column":0},"end":{"line":18,"column":4}},"5":{"start":{"line":10,"column":1},"end":{"line":13,"column":4}},"6":{"start":{"line":15,"column":1},"end":{"line":17,"column":4}}},"branchMap":{}},"src\\app\\playController.js":{"path":"src\\app\\playController.js","s":{"1":1,"2":0,"3":0,"4":0,"5":0},"b":{},"f":{"1":0,"2":0},"fnMap":{"1":{"name":"(anonymous_1)","line":5,"loc":{"start":{"line":5,"column":1},"end":{"line":5,"column":29}}},"2":{"name":"(anonymous_2)","line":10,"loc":{"start":{"line":10,"column":20},"end":{"line":10,"column":31}}}},"statementMap":{"1":{"start":{"line":4,"column":0},"end":{"line":14,"column":3}},"2":{"start":{"line":7,"column":2},"end":{"line":7,"column":30}},"3":{"start":{"line":8,"column":2},"end":{"line":8,"column":20}},"4":{"start":{"line":10,"column":2},"end":{"line":12,"column":4}},"5":{"start":{"line":11,"column":3},"end":{"line":11,"column":34}}},"branchMap":{}}}